<?xml version="1.0" encoding="UTF-8"?>
<!-- Generated by org.testng.reporters.JUnitXMLReporter -->
<testsuite ignored="0" hostname="DESKTOP-SDLN166" failures="3" tests="16" name="Test" time="535.64" errors="0" timestamp="2022-03-31T20:40:36 IST">
  <testcase classname="com.rsa.qa.tests.PracticePageTest" name="getPageTitleTest" time="0.285"/>
  <testcase classname="com.rsa.qa.tests.PracticePageTest" name="clickRadioBtnTest" time="0.389"/>
  <testcase classname="com.rsa.qa.tests.PracticePageTest" name="autoCompleteTabTest" time="0.389"/>
  <testcase classname="com.rsa.qa.tests.PracticePageTest" name="selectDDTest" time="0.409"/>
  <testcase classname="com.rsa.qa.tests.PracticePageTest" name="checkBoxTest" time="0.21"/>
  <testcase classname="com.rsa.qa.tests.PracticePageTest" name="getwindowSizeTest" time="15.358"/>
  <testcase classname="com.rsa.qa.tests.PracticePageTest" name="SwitchToNewWindowTest" time="17.547"/>
  <testcase classname="com.rsa.qa.tests.PracticePageTest" name="switchToAlertTest" time="1.864">
    <failure type="org.openqa.selenium.UnhandledAlertException" message="unexpected alert open: {Alert text : Hello shaik, Are you sure you want to confirm?}
  (Session info: chrome=94.0.4606.54): Hello shaik, Are you sure you want to confirm?
Build info: version: &amp;apos;4.1.2&amp;apos;, revision: &amp;apos;9a5a329c5a&amp;apos;
System info: host: &amp;apos;DESKTOP-SDLN166&amp;apos;, ip: &amp;apos;192.168.56.1&amp;apos;, os.name: &amp;apos;Windows 10&amp;apos;, os.arch: &amp;apos;amd64&amp;apos;, os.version: &amp;apos;10.0&amp;apos;, java.version: &amp;apos;16.0.2&amp;apos;
Driver info: org.openqa.selenium.chrome.ChromeDriver
Command: [ed54052aa9f06abc73cb50cb3ba521e2, findElement {using=id, value=confirmbtn}]
Capabilities {acceptInsecureCerts: false, browserName: chrome, browserVersion: 94.0.4606.54, chrome: {chromedriverVersion: 94.0.4606.61 (418b78f5838ed..., userDataDir: C:\Users\Admin\AppData\Loca...}, goog:chromeOptions: {debuggerAddress: localhost:52539}, javascriptEnabled: true, networkConnectionEnabled: false, pageLoadStrategy: normal, platform: WINDOWS, platformName: WINDOWS, proxy: Proxy(), se:cdp: ws://localhost:52539/devtoo..., se:cdpVersion: 94.0.4606.54, setWindowRect: true, strictFileInteractability: false, timeouts: {implicit: 0, pageLoad: 300000, script: 30000}, unhandledPromptBehavior: dismiss and notify, webauthn:extension:credBlob: true, webauthn:extension:largeBlob: true, webauthn:virtualAuthenticators: true}
Session ID: ed54052aa9f06abc73cb50cb3ba521e2">
      <![CDATA[org.openqa.selenium.UnhandledAlertException: unexpected alert open: {Alert text : Hello shaik, Are you sure you want to confirm?}
  (Session info: chrome=94.0.4606.54): Hello shaik, Are you sure you want to confirm?
Build info: version: '4.1.2', revision: '9a5a329c5a'
System info: host: 'DESKTOP-SDLN166', ip: '192.168.56.1', os.name: 'Windows 10', os.arch: 'amd64', os.version: '10.0', java.version: '16.0.2'
Driver info: org.openqa.selenium.chrome.ChromeDriver
Command: [ed54052aa9f06abc73cb50cb3ba521e2, findElement {using=id, value=confirmbtn}]
Capabilities {acceptInsecureCerts: false, browserName: chrome, browserVersion: 94.0.4606.54, chrome: {chromedriverVersion: 94.0.4606.61 (418b78f5838ed..., userDataDir: C:\Users\Admin\AppData\Loca...}, goog:chromeOptions: {debuggerAddress: localhost:52539}, javascriptEnabled: true, networkConnectionEnabled: false, pageLoadStrategy: normal, platform: WINDOWS, platformName: WINDOWS, proxy: Proxy(), se:cdp: ws://localhost:52539/devtoo..., se:cdpVersion: 94.0.4606.54, setWindowRect: true, strictFileInteractability: false, timeouts: {implicit: 0, pageLoad: 300000, script: 30000}, unhandledPromptBehavior: dismiss and notify, webauthn:extension:credBlob: true, webauthn:extension:largeBlob: true, webauthn:virtualAuthenticators: true}
Session ID: ed54052aa9f06abc73cb50cb3ba521e2
at org.openqa.selenium.remote.codec.w3c.W3CHttpResponseCodec.decode(W3CHttpResponseCodec.java:131)
at org.openqa.selenium.remote.codec.w3c.W3CHttpResponseCodec.decode(W3CHttpResponseCodec.java:53)
at org.openqa.selenium.remote.HttpCommandExecutor.execute(HttpCommandExecutor.java:184)
at org.openqa.selenium.remote.service.DriverCommandExecutor.invokeExecute(DriverCommandExecutor.java:167)
at org.openqa.selenium.remote.service.DriverCommandExecutor.execute(DriverCommandExecutor.java:142)
at org.openqa.selenium.remote.RemoteWebDriver.execute(RemoteWebDriver.java:558)
at org.openqa.selenium.remote.ElementLocation$ElementFinder$2.findElement(ElementLocation.java:162)
at org.openqa.selenium.remote.ElementLocation.findElement(ElementLocation.java:60)
at org.openqa.selenium.remote.RemoteWebDriver.findElement(RemoteWebDriver.java:382)
at org.openqa.selenium.remote.RemoteWebDriver.findElement(RemoteWebDriver.java:374)
at org.openqa.selenium.support.pagefactory.DefaultElementLocator.findElement(DefaultElementLocator.java:70)
at org.openqa.selenium.support.pagefactory.internal.LocatingElementHandler.invoke(LocatingElementHandler.java:39)
at jdk.proxy2/jdk.proxy2.$Proxy21.toString(Unknown Source)
at java.base/java.lang.String.valueOf(String.java:3365)
at java.base/java.lang.StringBuilder.append(StringBuilder.java:169)
at com.rsa.qa.actiondriver.Action.click(Action.java:171)
at com.rsa.qa.pages.PracticePage.switchToAlert(PracticePage.java:145)
at com.rsa.qa.tests.PracticePageTest.switchToAlertTest(PracticePageTest.java:97)
at java.base/java.util.ArrayList.forEach(ArrayList.java:1511)
... Removed 27 stack frames]]>
    </failure>
  </testcase> <!-- switchToAlertTest -->
  <testcase classname="com.rsa.qa.tests.PracticePageTest" name="elementDisplayTest" time="0.349"/>
  <testcase classname="com.rsa.qa.tests.PracticePageTest" name="elementNotDisplayTest" time="0.251">
    <failure type="java.lang.AssertionError" message="expected [true] but found [false]">
      <![CDATA[java.lang.AssertionError: expected [true] but found [false]
at com.rsa.qa.tests.PracticePageTest.elementNotDisplayTest(PracticePageTest.java:115)
at java.base/java.util.ArrayList.forEach(ArrayList.java:1511)
... Removed 31 stack frames]]>
    </failure>
  </testcase> <!-- elementNotDisplayTest -->
  <testcase classname="com.rsa.qa.tests.PracticePageTest" name="validateSumofTable" time="0.516"/>
  <testcase classname="com.rsa.qa.tests.PracticePageTest" name="TotalPriceTest" time="0.607"/>
  <testcase classname="com.rsa.qa.tests.PracticePageTest" name="mouseHoverClickTest" time="5.034"/>
  <testcase classname="com.rsa.qa.tests.PracticePageTest" name="iframeSwitchTest" time="0.203"/>
  <testcase classname="com.rsa.qa.tests.PracticePageTest" name="getEachLinkTest" time="7.312"/>
  <testcase classname="com.rsa.qa.tests.PracticePageTest" name="getBrokenLinkTest" time="16.038">
    <failure type="java.lang.AssertionError" message="The following asserts failed:
	The Broken link is &amp;apos;Broken Link&amp;apos; with response code of 404 expected [true] but found [false]">
      <![CDATA[java.lang.AssertionError: The following asserts failed:
The Broken link is 'Broken Link' with response code of 404 expected [true] but found [false]
at com.rsa.qa.actiondriver.Action.getBrokenLink(Action.java:567)
at com.rsa.qa.pages.PracticePage.getBrokenLink(PracticePage.java:199)
at com.rsa.qa.tests.PracticePageTest.getBrokenLinkTest(PracticePageTest.java:162)
at java.base/java.util.ArrayList.forEach(ArrayList.java:1511)
... Removed 29 stack frames]]>
    </failure>
  </testcase> <!-- getBrokenLinkTest -->
</testsuite> <!-- Test -->
